<?xml version="1.0" encoding="utf-8" standalone="no"?>
<test-run id="2" testcasecount="31" result="Passed" total="31" passed="21" failed="0" inconclusive="0" skipped="10" asserts="37" engine-version="3.5.0.0" clr-version="4.0.30319.42000" start-time="2016-11-22 02:35:52Z" end-time="2016-11-22 02:36:04Z" duration="11.759546">
  <command-line><![CDATA[C:\work\hagen\packages\NUnit.ConsoleRunner.3.5.0\tools\nunit3-console.exe  --out=C:\work\hagen.build\Release-AnyCPU\test-data\TestResult.xml --labels=All C:\work\hagen.build\Release-AnyCPU\bin\hagen.plugin.Tests.dll C:\work\hagen.build\Release-AnyCPU\bin\hagen.core.Tests.dll C:\work\hagen.build\Release-AnyCPU\bin\hagen.plugin.db.Tests.dll C:\work\hagen.build\Release-AnyCPU\bin\hagen.plugin.file.Tests.dll C:\work\hagen.build\Release-AnyCPU\bin\hagen.plugin.google.Tests.dll C:\work\hagen.build\Release-AnyCPU\bin\hagen.Tests.dll C:\work\hagen.build\Release-AnyCPU\bin\hagen.plugin.office.Tests.dll]]></command-line>
  <test-suite type="Assembly" id="1-1010" name="hagen.plugin.Tests.dll" fullname="C:\work\hagen.build\Release-AnyCPU\bin\hagen.plugin.Tests.dll" runstate="Runnable" testcasecount="7" result="Passed" start-time="2016-11-22 02:35:52Z" end-time="2016-11-22 02:35:54Z" duration="1.603564" total="7" passed="7" failed="0" inconclusive="0" skipped="0" asserts="25">
    <environment framework-version="3.5.0.0" clr-version="4.0.30319.42000" os-version="Microsoft Windows NT 10.0.14393.0" platform="Win32NT" cwd="C:\work\hagen\build" machine-name="GB" user="andreas" user-domain="GB" culture="de-DE" uiculture="en-US" os-architecture="x64" />
    <settings>
      <setting name="DisposeRunners" value="True" />
      <setting name="WorkDirectory" value="C:\work\hagen\build" />
      <setting name="ImageRuntimeVersion" value="4.0.30319" />
      <setting name="ImageTargetFrameworkName" value=".NETFramework,Version=v4.6" />
      <setting name="ImageRequiresX86" value="False" />
      <setting name="ImageRequiresDefaultAppDomainAssemblyResolver" value="False" />
      <setting name="NumberOfTestWorkers" value="4" />
    </settings>
    <properties>
      <property name="_PID" value="3056" />
      <property name="_APPDOMAIN" value="test-domain-hagen.plugin.Tests.dll" />
    </properties>
    <test-suite type="TestSuite" id="1-1011" name="hagen" fullname="hagen" runstate="Runnable" testcasecount="7" result="Passed" start-time="2016-11-22 02:35:52Z" end-time="2016-11-22 02:35:54Z" duration="1.554286" total="7" passed="7" failed="0" inconclusive="0" skipped="0" asserts="25">
      <test-suite type="TestSuite" id="1-1012" name="plugin" fullname="hagen.plugin" runstate="Runnable" testcasecount="7" result="Passed" start-time="2016-11-22 02:35:52Z" end-time="2016-11-22 02:35:54Z" duration="1.547712" total="7" passed="7" failed="0" inconclusive="0" skipped="0" asserts="25">
        <test-suite type="TestSuite" id="1-1013" name="Tests" fullname="hagen.plugin.Tests" runstate="Runnable" testcasecount="7" result="Passed" start-time="2016-11-22 02:35:52Z" end-time="2016-11-22 02:35:54Z" duration="1.538643" total="7" passed="7" failed="0" inconclusive="0" skipped="0" asserts="25">
          <test-suite type="TestFixture" id="1-1000" name="ActionFilterTests" fullname="hagen.plugin.Tests.ActionFilterTests" classname="hagen.plugin.Tests.ActionFilterTests" runstate="Runnable" testcasecount="2" result="Passed" start-time="2016-11-22 02:35:52Z" end-time="2016-11-22 02:35:54Z" duration="1.227330" total="2" passed="2" failed="0" inconclusive="0" skipped="0" asserts="4">
            <test-case id="1-1002" name="GetActions" fullname="hagen.plugin.Tests.ActionFilterTests.GetActions" methodname="GetActions" classname="hagen.plugin.Tests.ActionFilterTests" runstate="Runnable" seed="1401821603" result="Passed" start-time="2016-11-22 02:35:53Z" end-time="2016-11-22 02:35:53Z" duration="0.591560" asserts="3" />
            <test-case id="1-1001" name="ToStringTest" fullname="hagen.plugin.Tests.ActionFilterTests.ToStringTest" methodname="ToStringTest" classname="hagen.plugin.Tests.ActionFilterTests" runstate="Runnable" seed="1538345194" result="Passed" start-time="2016-11-22 02:35:53Z" end-time="2016-11-22 02:35:53Z" duration="0.002452" asserts="1" />
          </test-suite>
          <test-suite type="TestFixture" id="1-1003" name="CommandLineParserActionSourceTests" fullname="hagen.plugin.Tests.CommandLineParserActionSourceTests" classname="hagen.plugin.Tests.CommandLineParserActionSourceTests" runstate="Runnable" testcasecount="4" result="Passed" start-time="2016-11-22 02:35:54Z" end-time="2016-11-22 02:35:54Z" duration="0.262236" total="4" passed="4" failed="0" inconclusive="0" skipped="0" asserts="16">
            <test-case id="1-1004" name="CommandLineParserActionSourceTest" fullname="hagen.plugin.Tests.CommandLineParserActionSourceTests.CommandLineParserActionSourceTest" methodname="CommandLineParserActionSourceTest" classname="hagen.plugin.Tests.CommandLineParserActionSourceTests" runstate="Runnable" seed="949994081" result="Passed" start-time="2016-11-22 02:35:54Z" end-time="2016-11-22 02:35:54Z" duration="0.133908" asserts="2" />
            <test-case id="1-1005" name="ExecutesASimpleAction" fullname="hagen.plugin.Tests.CommandLineParserActionSourceTests.ExecutesASimpleAction" methodname="ExecutesASimpleAction" classname="hagen.plugin.Tests.CommandLineParserActionSourceTests" runstate="Runnable" seed="2047950893" result="Passed" start-time="2016-11-22 02:35:54Z" end-time="2016-11-22 02:35:54Z" duration="0.010574" asserts="4" />
            <test-case id="1-1006" name="Matches" fullname="hagen.plugin.Tests.CommandLineParserActionSourceTests.Matches" methodname="Matches" classname="hagen.plugin.Tests.CommandLineParserActionSourceTests" runstate="Runnable" seed="1064055368" result="Passed" start-time="2016-11-22 02:35:54Z" end-time="2016-11-22 02:35:54Z" duration="0.052077" asserts="2" />
            <test-case id="1-1007" name="MatchLength" fullname="hagen.plugin.Tests.CommandLineParserActionSourceTests.MatchLength" methodname="MatchLength" classname="hagen.plugin.Tests.CommandLineParserActionSourceTests" runstate="Runnable" seed="1749916083" result="Passed" start-time="2016-11-22 02:35:54Z" end-time="2016-11-22 02:35:54Z" duration="0.001879" asserts="8" />
          </test-suite>
          <test-suite type="TestFixture" id="1-1008" name="QueryTests" fullname="hagen.plugin.Tests.QueryTests" classname="hagen.plugin.Tests.QueryTests" runstate="Runnable" testcasecount="1" result="Passed" start-time="2016-11-22 02:35:54Z" end-time="2016-11-22 02:35:54Z" duration="0.006908" total="1" passed="1" failed="0" inconclusive="0" skipped="0" asserts="5">
            <test-case id="1-1009" name="ParseTest" fullname="hagen.plugin.Tests.QueryTests.ParseTest" methodname="ParseTest" classname="hagen.plugin.Tests.QueryTests" runstate="Runnable" seed="565952537" result="Passed" start-time="2016-11-22 02:35:54Z" end-time="2016-11-22 02:35:54Z" duration="0.001680" asserts="5" />
          </test-suite>
        </test-suite>
      </test-suite>
    </test-suite>
  </test-suite>
  <test-suite type="Assembly" id="2-1014" name="hagen.core.Tests.dll" fullname="C:\work\hagen.build\Release-AnyCPU\bin\hagen.core.Tests.dll" runstate="Runnable" testcasecount="7" result="Passed" start-time="2016-11-22 02:35:52Z" end-time="2016-11-22 02:35:54Z" duration="1.978508" total="7" passed="2" failed="0" inconclusive="0" skipped="5" asserts="3">
    <environment framework-version="3.5.0.0" clr-version="4.0.30319.42000" os-version="Microsoft Windows NT 10.0.14393.0" platform="Win32NT" cwd="C:\work\hagen\build" machine-name="GB" user="andreas" user-domain="GB" culture="de-DE" uiculture="en-US" os-architecture="x64" />
    <settings>
      <setting name="DisposeRunners" value="True" />
      <setting name="WorkDirectory" value="C:\work\hagen\build" />
      <setting name="ImageRuntimeVersion" value="4.0.30319" />
      <setting name="ImageTargetFrameworkName" value=".NETFramework,Version=v4.6" />
      <setting name="ImageRequiresX86" value="False" />
      <setting name="ImageRequiresDefaultAppDomainAssemblyResolver" value="False" />
      <setting name="NumberOfTestWorkers" value="4" />
    </settings>
    <properties>
      <property name="_PID" value="7476" />
      <property name="_APPDOMAIN" value="test-domain-hagen.core.Tests.dll" />
    </properties>
    <test-suite type="TestSuite" id="2-1017" name="hagen" fullname="hagen" runstate="Runnable" testcasecount="6" result="Passed" start-time="2016-11-22 02:35:52Z" end-time="2016-11-22 02:35:54Z" duration="1.895533" total="6" passed="2" failed="0" inconclusive="0" skipped="4" asserts="3">
      <test-suite type="TestSuite" id="2-1018" name="Tests" fullname="hagen.Tests" runstate="Runnable" testcasecount="6" result="Passed" start-time="2016-11-22 02:35:52Z" end-time="2016-11-22 02:35:54Z" duration="1.888313" total="6" passed="2" failed="0" inconclusive="0" skipped="4" asserts="3">
        <test-suite type="TestFixture" id="2-1002" name="HumanInterfaceDeviceMonitorTests" fullname="hagen.Tests.HumanInterfaceDeviceMonitorTests" classname="hagen.Tests.HumanInterfaceDeviceMonitorTests" runstate="Runnable" testcasecount="1" result="Passed" start-time="2016-11-22 02:35:52Z" end-time="2016-11-22 02:35:52Z" duration="0.022887" total="1" passed="0" failed="0" inconclusive="0" skipped="1" asserts="0">
          <test-case id="2-1003" name="Capture" fullname="hagen.Tests.HumanInterfaceDeviceMonitorTests.Capture" methodname="Capture" classname="hagen.Tests.HumanInterfaceDeviceMonitorTests" runstate="Explicit" seed="21981938" result="Skipped" label="Explicit" start-time="2016-11-22 02:35:52Z" end-time="2016-11-22 02:35:52Z" duration="0.002581" asserts="0">
            <properties>
              <property name="_SKIPREASON" value="interactive" />
            </properties>
            <reason>
              <message><![CDATA[interactive]]></message>
            </reason>
          </test-case>
        </test-suite>
        <test-suite type="TestFixture" id="2-1004" name="InputAggregatorTests" fullname="hagen.Tests.InputAggregatorTests" classname="hagen.Tests.InputAggregatorTests" runstate="Runnable" testcasecount="1" result="Passed" start-time="2016-11-22 02:35:52Z" end-time="2016-11-22 02:35:52Z" duration="0.003027" total="1" passed="0" failed="0" inconclusive="0" skipped="1" asserts="0">
          <test-case id="2-1005" name="TestAggregate" fullname="hagen.Tests.InputAggregatorTests.TestAggregate" methodname="TestAggregate" classname="hagen.Tests.InputAggregatorTests" runstate="Explicit" seed="1504808615" result="Skipped" label="Explicit" start-time="2016-11-22 02:35:52Z" end-time="2016-11-22 02:35:52Z" duration="0.000011" asserts="0" />
        </test-suite>
        <test-suite type="TestFixture" id="2-1006" name="LastExecutedDbStoreTests" fullname="hagen.Tests.LastExecutedDbStoreTests" classname="hagen.Tests.LastExecutedDbStoreTests" runstate="Runnable" testcasecount="1" result="Passed" start-time="2016-11-22 02:35:52Z" end-time="2016-11-22 02:35:54Z" duration="1.753023" total="1" passed="1" failed="0" inconclusive="0" skipped="0" asserts="1">
          <test-case id="2-1007" name="ReadWriteTime" fullname="hagen.Tests.LastExecutedDbStoreTests.ReadWriteTime" methodname="ReadWriteTime" classname="hagen.Tests.LastExecutedDbStoreTests" runstate="Runnable" seed="1048378771" result="Passed" start-time="2016-11-22 02:35:53Z" end-time="2016-11-22 02:35:54Z" duration="1.228609" asserts="1" />
        </test-suite>
        <test-suite type="TestFixture" id="2-1008" name="ProgramUseAggregatorTests" fullname="hagen.Tests.ProgramUseAggregatorTests" classname="hagen.Tests.ProgramUseAggregatorTests" runstate="Runnable" testcasecount="1" result="Passed" start-time="2016-11-22 02:35:54Z" end-time="2016-11-22 02:35:54Z" duration="0.006789" total="1" passed="0" failed="0" inconclusive="0" skipped="1" asserts="0">
          <test-case id="2-1009" name="TestAggregate" fullname="hagen.Tests.ProgramUseAggregatorTests.TestAggregate" methodname="TestAggregate" classname="hagen.Tests.ProgramUseAggregatorTests" runstate="Explicit" seed="608992505" result="Skipped" label="Explicit" start-time="2016-11-22 02:35:54Z" end-time="2016-11-22 02:35:54Z" duration="0.000020" asserts="0" />
        </test-suite>
        <test-suite type="TestFixture" id="2-1010" name="StringExtensionsTests" fullname="hagen.Tests.StringExtensionsTests" classname="hagen.Tests.StringExtensionsTests" runstate="Runnable" testcasecount="1" result="Passed" start-time="2016-11-22 02:35:54Z" end-time="2016-11-22 02:35:54Z" duration="0.037529" total="1" passed="1" failed="0" inconclusive="0" skipped="0" asserts="2">
          <test-case id="2-1011" name="Escape" fullname="hagen.Tests.StringExtensionsTests.Escape" methodname="Escape" classname="hagen.Tests.StringExtensionsTests" runstate="Runnable" seed="1041968159" result="Passed" start-time="2016-11-22 02:35:54Z" end-time="2016-11-22 02:35:54Z" duration="0.025597" asserts="2" />
        </test-suite>
        <test-suite type="TestFixture" id="2-1012" name="WinEventHookTests" fullname="hagen.Tests.WinEventHookTests" classname="hagen.Tests.WinEventHookTests" runstate="Runnable" testcasecount="1" result="Passed" start-time="2016-11-22 02:35:54Z" end-time="2016-11-22 02:35:54Z" duration="0.009495" total="1" passed="0" failed="0" inconclusive="0" skipped="1" asserts="0">
          <test-case id="2-1013" name="ShowMessages" fullname="hagen.Tests.WinEventHookTests.ShowMessages" methodname="ShowMessages" classname="hagen.Tests.WinEventHookTests" runstate="Explicit" seed="949976318" result="Skipped" label="Explicit" start-time="2016-11-22 02:35:54Z" end-time="2016-11-22 02:35:54Z" duration="0.000022" asserts="0">
            <properties>
              <property name="_SKIPREASON" value="interactive, runs 60 seconds" />
            </properties>
            <reason>
              <message><![CDATA[interactive, runs 60 seconds]]></message>
            </reason>
          </test-case>
        </test-suite>
      </test-suite>
    </test-suite>
    <test-suite type="TestSuite" id="2-1015" name="Sidi" fullname="Sidi" runstate="Runnable" testcasecount="1" result="Passed" start-time="2016-11-22 02:35:52Z" end-time="2016-11-22 02:35:54Z" duration="1.921668" total="1" passed="0" failed="0" inconclusive="0" skipped="1" asserts="0">
      <test-suite type="TestSuite" id="2-1016" name="Tests" fullname="Sidi.Tests" runstate="Runnable" testcasecount="1" result="Passed" start-time="2016-11-22 02:35:52Z" end-time="2016-11-22 02:35:54Z" duration="1.913652" total="1" passed="0" failed="0" inconclusive="0" skipped="1" asserts="0">
        <test-suite type="TestFixture" id="2-1000" name="RxExtensionsTests" fullname="Sidi.Tests.RxExtensionsTests" classname="Sidi.Tests.RxExtensionsTests" runstate="Runnable" testcasecount="1" result="Passed" start-time="2016-11-22 02:35:54Z" end-time="2016-11-22 02:35:54Z" duration="0.008910" total="1" passed="0" failed="0" inconclusive="0" skipped="1" asserts="0">
          <test-case id="2-1001" name="Window" fullname="Sidi.Tests.RxExtensionsTests.Window" methodname="Window" classname="Sidi.Tests.RxExtensionsTests" runstate="Explicit" seed="1414308348" result="Skipped" label="Explicit" start-time="2016-11-22 02:35:54Z" end-time="2016-11-22 02:35:54Z" duration="0.000013" asserts="0">
            <properties>
              <property name="_SKIPREASON" value="too long" />
            </properties>
            <reason>
              <message><![CDATA[too long]]></message>
            </reason>
          </test-case>
        </test-suite>
      </test-suite>
    </test-suite>
  </test-suite>
  <test-suite type="Assembly" id="3-1009" name="hagen.plugin.db.Tests.dll" fullname="C:\work\hagen.build\Release-AnyCPU\bin\hagen.plugin.db.Tests.dll" runstate="Runnable" testcasecount="5" result="Passed" start-time="2016-11-22 02:35:52Z" end-time="2016-11-22 02:35:53Z" duration="1.253930" total="5" passed="3" failed="0" inconclusive="0" skipped="2" asserts="3">
    <environment framework-version="3.5.0.0" clr-version="4.0.30319.42000" os-version="Microsoft Windows NT 10.0.14393.0" platform="Win32NT" cwd="C:\work\hagen\build" machine-name="GB" user="andreas" user-domain="GB" culture="de-DE" uiculture="en-US" os-architecture="x64" />
    <settings>
      <setting name="DisposeRunners" value="True" />
      <setting name="WorkDirectory" value="C:\work\hagen\build" />
      <setting name="ImageRuntimeVersion" value="4.0.30319" />
      <setting name="ImageTargetFrameworkName" value=".NETFramework,Version=v4.6" />
      <setting name="ImageRequiresX86" value="False" />
      <setting name="ImageRequiresDefaultAppDomainAssemblyResolver" value="False" />
      <setting name="NumberOfTestWorkers" value="4" />
    </settings>
    <properties>
      <property name="_PID" value="10516" />
      <property name="_APPDOMAIN" value="test-domain-hagen.plugin.db.Tests.dll" />
    </properties>
    <test-suite type="TestSuite" id="3-1010" name="hagen" fullname="hagen" runstate="Runnable" testcasecount="5" result="Passed" start-time="2016-11-22 02:35:52Z" end-time="2016-11-22 02:35:53Z" duration="1.187110" total="5" passed="3" failed="0" inconclusive="0" skipped="2" asserts="3">
      <test-suite type="TestSuite" id="3-1011" name="Plugin" fullname="hagen.Plugin" runstate="Runnable" testcasecount="5" result="Passed" start-time="2016-11-22 02:35:52Z" end-time="2016-11-22 02:35:53Z" duration="1.175607" total="5" passed="3" failed="0" inconclusive="0" skipped="2" asserts="3">
        <test-suite type="TestSuite" id="3-1012" name="Db" fullname="hagen.Plugin.Db" runstate="Runnable" testcasecount="5" result="Passed" start-time="2016-11-22 02:35:52Z" end-time="2016-11-22 02:35:53Z" duration="1.169046" total="5" passed="3" failed="0" inconclusive="0" skipped="2" asserts="3">
          <test-suite type="TestSuite" id="3-1013" name="Tests" fullname="hagen.Plugin.Db.Tests" runstate="Runnable" testcasecount="5" result="Passed" start-time="2016-11-22 02:35:52Z" end-time="2016-11-22 02:35:53Z" duration="1.164294" total="5" passed="3" failed="0" inconclusive="0" skipped="2" asserts="3">
            <test-suite type="TestFixture" id="3-1000" name="ActionExtensionsTests" fullname="hagen.Plugin.Db.Tests.ActionExtensionsTests" classname="hagen.Plugin.Db.Tests.ActionExtensionsTests" runstate="Runnable" testcasecount="2" result="Passed" start-time="2016-11-22 02:35:52Z" end-time="2016-11-22 02:35:53Z" duration="0.656208" total="2" passed="0" failed="0" inconclusive="0" skipped="2" asserts="0">
              <test-case id="3-1002" name="AddOrUpdate" fullname="hagen.Plugin.Db.Tests.ActionExtensionsTests.AddOrUpdate" methodname="AddOrUpdate" classname="hagen.Plugin.Db.Tests.ActionExtensionsTests" runstate="Explicit" seed="999494551" result="Skipped" label="Explicit" start-time="2016-11-22 02:35:53Z" end-time="2016-11-22 02:35:53Z" duration="0.003667" asserts="0">
                <properties>
                  <property name="_SKIPREASON" value="fix later" />
                </properties>
                <reason>
                  <message><![CDATA[fix later]]></message>
                </reason>
              </test-case>
              <test-case id="3-1001" name="Links" fullname="hagen.Plugin.Db.Tests.ActionExtensionsTests.Links" methodname="Links" classname="hagen.Plugin.Db.Tests.ActionExtensionsTests" runstate="Explicit" seed="1163901191" result="Skipped" label="Explicit" start-time="2016-11-22 02:35:53Z" end-time="2016-11-22 02:35:53Z" duration="0.000035" asserts="0">
                <properties>
                  <property name="_SKIPREASON" value="Internet explorer must be open" />
                </properties>
                <reason>
                  <message><![CDATA[Internet explorer must be open]]></message>
                </reason>
              </test-case>
            </test-suite>
            <test-suite type="TestFixture" id="3-1003" name="ClipboardUrlTests" fullname="hagen.Plugin.Db.Tests.ClipboardUrlTests" classname="hagen.Plugin.Db.Tests.ClipboardUrlTests" runstate="Runnable" testcasecount="2" result="Passed" start-time="2016-11-22 02:35:53Z" end-time="2016-11-22 02:35:53Z" duration="0.327320" total="2" passed="2" failed="0" inconclusive="0" skipped="0" asserts="2">
              <test-case id="3-1004" name="ReadFileDescriptor" fullname="hagen.Plugin.Db.Tests.ClipboardUrlTests.ReadFileDescriptor" methodname="ReadFileDescriptor" classname="hagen.Plugin.Db.Tests.ClipboardUrlTests" runstate="Runnable" seed="170355170" result="Passed" start-time="2016-11-22 02:35:53Z" end-time="2016-11-22 02:35:53Z" duration="0.195454" asserts="1" />
              <test-case id="3-1005" name="ReadUrl" fullname="hagen.Plugin.Db.Tests.ClipboardUrlTests.ReadUrl" methodname="ReadUrl" classname="hagen.Plugin.Db.Tests.ClipboardUrlTests" runstate="Runnable" seed="1219442561" result="Passed" start-time="2016-11-22 02:35:53Z" end-time="2016-11-22 02:35:53Z" duration="0.035187" asserts="1" />
            </test-suite>
            <test-suite type="TestFixture" id="3-1006" name="FileActionFactoryTests" fullname="hagen.Plugin.Db.Tests.FileActionFactoryTests" classname="hagen.Plugin.Db.Tests.FileActionFactoryTests" runstate="Runnable" testcasecount="1" result="Passed" start-time="2016-11-22 02:35:53Z" end-time="2016-11-22 02:35:53Z" duration="0.121507" total="1" passed="1" failed="0" inconclusive="0" skipped="0" asserts="1">
              <test-case id="3-1007" name="Create" fullname="hagen.Plugin.Db.Tests.FileActionFactoryTests.Create" methodname="Create" classname="hagen.Plugin.Db.Tests.FileActionFactoryTests" runstate="Runnable" seed="430179646" result="Passed" start-time="2016-11-22 02:35:53Z" end-time="2016-11-22 02:35:53Z" duration="0.105816" asserts="1">
                <output><![CDATA[2016-11-22 02:35:53,863 [Worker#STA_NP] INFO hagen.Plugin.Db.FileActionFactory (null) - Created action for C:\Users\andreas\AppData\Roaming\Microsoft\Windows\Start Menu
]]></output>
              </test-case>
            </test-suite>
            <test-suite type="TestFixture" id="3-1008" name="InsertTextTests" fullname="hagen.Plugin.Db.Tests.InsertTextTests" classname="hagen.Plugin.Db.Tests.InsertTextTests" runstate="Runnable" testcasecount="0" result="Passed" start-time="2016-11-22 02:35:53Z" end-time="2016-11-22 02:35:53Z" duration="0.000098" total="0" passed="0" failed="0" inconclusive="0" skipped="0" asserts="0" />
          </test-suite>
        </test-suite>
      </test-suite>
    </test-suite>
  </test-suite>
  <test-suite type="Assembly" id="4-1004" name="hagen.plugin.file.Tests.dll" fullname="C:\work\hagen.build\Release-AnyCPU\bin\hagen.plugin.file.Tests.dll" runstate="Runnable" testcasecount="2" result="Passed" start-time="2016-11-22 02:35:52Z" end-time="2016-11-22 02:35:53Z" duration="1.242065" total="2" passed="2" failed="0" inconclusive="0" skipped="0" asserts="1">
    <environment framework-version="3.5.0.0" clr-version="4.0.30319.42000" os-version="Microsoft Windows NT 10.0.14393.0" platform="Win32NT" cwd="C:\work\hagen\build" machine-name="GB" user="andreas" user-domain="GB" culture="de-DE" uiculture="en-US" os-architecture="x64" />
    <settings>
      <setting name="DisposeRunners" value="True" />
      <setting name="WorkDirectory" value="C:\work\hagen\build" />
      <setting name="ImageRuntimeVersion" value="4.0.30319" />
      <setting name="ImageTargetFrameworkName" value=".NETFramework,Version=v4.6" />
      <setting name="ImageRequiresX86" value="False" />
      <setting name="ImageRequiresDefaultAppDomainAssemblyResolver" value="False" />
      <setting name="NumberOfTestWorkers" value="4" />
    </settings>
    <properties>
      <property name="_PID" value="13468" />
      <property name="_APPDOMAIN" value="test-domain-hagen.plugin.file.Tests.dll" />
    </properties>
    <test-suite type="TestSuite" id="4-1005" name="hagen" fullname="hagen" runstate="Runnable" testcasecount="1" result="Passed" start-time="2016-11-22 02:35:52Z" end-time="2016-11-22 02:35:53Z" duration="0.777439" total="1" passed="1" failed="0" inconclusive="0" skipped="0" asserts="1">
      <test-suite type="TestSuite" id="4-1006" name="Tests" fullname="hagen.Tests" runstate="Runnable" testcasecount="1" result="Passed" start-time="2016-11-22 02:35:52Z" end-time="2016-11-22 02:35:53Z" duration="0.755871" total="1" passed="1" failed="0" inconclusive="0" skipped="0" asserts="1">
        <test-suite type="TestFixture" id="4-1000" name="TextPositionTests" fullname="hagen.Tests.TextPositionTests" classname="hagen.Tests.TextPositionTests" runstate="Runnable" testcasecount="1" result="Passed" start-time="2016-11-22 02:35:52Z" end-time="2016-11-22 02:35:53Z" duration="0.724379" total="1" passed="1" failed="0" inconclusive="0" skipped="0" asserts="1">
          <test-case id="4-1001" name="Extract" fullname="hagen.Tests.TextPositionTests.Extract" methodname="Extract" classname="hagen.Tests.TextPositionTests" runstate="Runnable" seed="660753412" result="Passed" start-time="2016-11-22 02:35:52Z" end-time="2016-11-22 02:35:53Z" duration="0.686694" asserts="1" />
        </test-suite>
      </test-suite>
    </test-suite>
    <test-suite type="TestSuite" id="4-1007" name="Sidi" fullname="Sidi" runstate="Runnable" testcasecount="1" result="Passed" start-time="2016-11-22 02:35:52Z" end-time="2016-11-22 02:35:53Z" duration="1.166546" total="1" passed="1" failed="0" inconclusive="0" skipped="0" asserts="0">
      <test-suite type="TestSuite" id="4-1008" name="Tests" fullname="Sidi.Tests" runstate="Runnable" testcasecount="1" result="Passed" start-time="2016-11-22 02:35:52Z" end-time="2016-11-22 02:35:53Z" duration="1.140211" total="1" passed="1" failed="0" inconclusive="0" skipped="0" asserts="0">
        <test-suite type="TestFixture" id="4-1002" name="NotesReaderTests" fullname="Sidi.Tests.NotesReaderTests" classname="Sidi.Tests.NotesReaderTests" runstate="Runnable" testcasecount="1" result="Passed" start-time="2016-11-22 02:35:53Z" end-time="2016-11-22 02:35:53Z" duration="0.333683" total="1" passed="1" failed="0" inconclusive="0" skipped="0" asserts="0">
          <test-case id="4-1003" name="NotesReaderTest" fullname="Sidi.Tests.NotesReaderTests.NotesReaderTest" methodname="NotesReaderTest" classname="Sidi.Tests.NotesReaderTests" runstate="Runnable" seed="842725545" result="Passed" start-time="2016-11-22 02:35:53Z" end-time="2016-11-22 02:35:53Z" duration="0.258711" asserts="0">
            <output><![CDATA[2016-11-22 02:35:53,784 [Worker#STA_NP] INFO Sidi.Tests.NotesReaderTests (null) - 
-|---------|
#|Note     |
-|---------|
0|Sidi.Note|
1|Sidi.Note|
2|Sidi.Note|
3|Sidi.Note|
4|Sidi.Note|

]]></output>
          </test-case>
        </test-suite>
      </test-suite>
    </test-suite>
  </test-suite>
  <test-suite type="Assembly" id="5-1002" name="hagen.plugin.google.Tests.dll" fullname="C:\work\hagen.build\Release-AnyCPU\bin\hagen.plugin.google.Tests.dll" runstate="Runnable" testcasecount="1" result="Passed" start-time="2016-11-22 02:35:52Z" end-time="2016-11-22 02:35:55Z" duration="3.142881" total="1" passed="1" failed="0" inconclusive="0" skipped="0" asserts="0">
    <environment framework-version="3.5.0.0" clr-version="4.0.30319.42000" os-version="Microsoft Windows NT 10.0.14393.0" platform="Win32NT" cwd="C:\work\hagen\build" machine-name="GB" user="andreas" user-domain="GB" culture="de-DE" uiculture="en-US" os-architecture="x64" />
    <settings>
      <setting name="DisposeRunners" value="True" />
      <setting name="WorkDirectory" value="C:\work\hagen\build" />
      <setting name="ImageRuntimeVersion" value="4.0.30319" />
      <setting name="ImageTargetFrameworkName" value=".NETFramework,Version=v4.6" />
      <setting name="ImageRequiresX86" value="False" />
      <setting name="ImageRequiresDefaultAppDomainAssemblyResolver" value="False" />
      <setting name="NumberOfTestWorkers" value="4" />
    </settings>
    <properties>
      <property name="_PID" value="11928" />
      <property name="_APPDOMAIN" value="test-domain-hagen.plugin.google.Tests.dll" />
    </properties>
    <test-suite type="TestSuite" id="5-1003" name="hagen" fullname="hagen" runstate="Runnable" testcasecount="1" result="Passed" start-time="2016-11-22 02:35:52Z" end-time="2016-11-22 02:35:55Z" duration="3.096218" total="1" passed="1" failed="0" inconclusive="0" skipped="0" asserts="0">
      <test-suite type="TestSuite" id="5-1004" name="plugin" fullname="hagen.plugin" runstate="Runnable" testcasecount="1" result="Passed" start-time="2016-11-22 02:35:52Z" end-time="2016-11-22 02:35:55Z" duration="3.091803" total="1" passed="1" failed="0" inconclusive="0" skipped="0" asserts="0">
        <test-suite type="TestSuite" id="5-1005" name="google" fullname="hagen.plugin.google" runstate="Runnable" testcasecount="1" result="Passed" start-time="2016-11-22 02:35:52Z" end-time="2016-11-22 02:35:55Z" duration="3.087703" total="1" passed="1" failed="0" inconclusive="0" skipped="0" asserts="0">
          <test-suite type="TestSuite" id="5-1006" name="Tests" fullname="hagen.plugin.google.Tests" runstate="Runnable" testcasecount="1" result="Passed" start-time="2016-11-22 02:35:52Z" end-time="2016-11-22 02:35:55Z" duration="3.083995" total="1" passed="1" failed="0" inconclusive="0" skipped="0" asserts="0">
            <test-suite type="TestFixture" id="5-1000" name="GoogleContactsTests" fullname="hagen.plugin.google.Tests.GoogleContactsTests" classname="hagen.plugin.google.Tests.GoogleContactsTests" runstate="Runnable" testcasecount="1" result="Passed" start-time="2016-11-22 02:35:52Z" end-time="2016-11-22 02:35:55Z" duration="3.075879" total="1" passed="1" failed="0" inconclusive="0" skipped="0" asserts="0">
              <test-case id="5-1001" name="ReadContacts" fullname="hagen.plugin.google.Tests.GoogleContactsTests.ReadContacts" methodname="ReadContacts" classname="hagen.plugin.google.Tests.GoogleContactsTests" runstate="Runnable" seed="1926079802" result="Passed" start-time="2016-11-22 02:35:53Z" end-time="2016-11-22 02:35:55Z" duration="2.542540" asserts="0">
                <output><![CDATA[2016-11-22 02:35:54,583 [Worker#STA_NP] INFO hagen.plugin.google.Tests.GoogleContactsTests (null) - <log4net.Error>Exception rendering object type [Sidi.Util.ListFormat`1[[Google.Contacts.Contact, Google.GData.Contacts, Version=2.2.0.0, Culture=neutral, PublicKeyToken=7e065189dd4b982f]]]<stackTrace>Google.GData.Client.GDataRequestException: Execution of request failed: https://www.google.com/m8/feeds/contacts/default/full?q=Grimme ---> System.Net.WebException: The remote server returned an error: (401) Unauthorized.
   at System.Net.HttpWebRequest.GetResponse()
   at Google.GData.Client.GDataRequest.Execute()
   --- End of inner exception stack trace ---
   at Google.GData.Client.GOAuth2Request.Execute()
   at Google.GData.Client.Service.Query(Uri queryUri, DateTime ifModifiedSince, String etag, Int64& contentLength)
   at Google.GData.Client.Service.Query(FeedQuery feedQuery)
   at Google.GData.Client.Feed`1.get_AtomFeed()
   at Google.GData.Client.Feed`1.<get_Entries>d__0.MoveNext()
   at System.Linq.Enumerable.<SelectIterator>d__5`2.MoveNext()
   at System.Collections.Generic.List`1..ctor(IEnumerable`1 collection)
   at System.Linq.Enumerable.ToList[TSource](IEnumerable`1 source)
   at Sidi.Util.ListFormat`1.RenderText(TextWriter o)
   at Sidi.Util.ListFormat`1.ToString()
   at log4net.ObjectRenderer.DefaultRenderer.RenderObject(RendererMap rendererMap, Object obj, TextWriter writer)
   at log4net.ObjectRenderer.RendererMap.FindAndRender(Object obj, TextWriter writer)</stackTrace></log4net.Error>
]]></output>
              </test-case>
            </test-suite>
          </test-suite>
        </test-suite>
      </test-suite>
    </test-suite>
  </test-suite>
  <test-suite type="Assembly" id="6-1009" name="hagen.Tests.dll" fullname="C:\work\hagen.build\Release-AnyCPU\bin\hagen.Tests.dll" runstate="Runnable" testcasecount="5" result="Passed" start-time="2016-11-22 02:35:52Z" end-time="2016-11-22 02:36:04Z" duration="11.610411" total="5" passed="4" failed="0" inconclusive="0" skipped="1" asserts="4">
    <environment framework-version="3.5.0.0" clr-version="4.0.30319.42000" os-version="Microsoft Windows NT 10.0.14393.0" platform="Win32NT" cwd="C:\work\hagen\build" machine-name="GB" user="andreas" user-domain="GB" culture="de-DE" uiculture="en-US" os-architecture="x64" />
    <settings>
      <setting name="DisposeRunners" value="True" />
      <setting name="WorkDirectory" value="C:\work\hagen\build" />
      <setting name="ImageRuntimeVersion" value="4.0.30319" />
      <setting name="ImageTargetFrameworkName" value=".NETFramework,Version=v4.6" />
      <setting name="ImageRequiresX86" value="False" />
      <setting name="ImageRequiresDefaultAppDomainAssemblyResolver" value="False" />
      <setting name="NumberOfTestWorkers" value="4" />
    </settings>
    <properties>
      <property name="_PID" value="13612" />
      <property name="_APPDOMAIN" value="test-domain-hagen.Tests.dll" />
    </properties>
    <test-suite type="TestSuite" id="6-1013" name="hagen" fullname="hagen" runstate="Runnable" testcasecount="4" result="Passed" start-time="2016-11-22 02:35:52Z" end-time="2016-11-22 02:36:04Z" duration="11.542920" total="4" passed="4" failed="0" inconclusive="0" skipped="0" asserts="4">
      <test-suite type="TestSuite" id="6-1014" name="Tests" fullname="hagen.Tests" runstate="Runnable" testcasecount="4" result="Passed" start-time="2016-11-22 02:35:52Z" end-time="2016-11-22 02:36:04Z" duration="11.536959" total="4" passed="4" failed="0" inconclusive="0" skipped="0" asserts="4">
        <test-suite type="TestFixture" id="6-1002" name="ClipboardUrlTests" fullname="hagen.Tests.ClipboardUrlTests" classname="hagen.Tests.ClipboardUrlTests" runstate="Runnable" testcasecount="2" result="Passed" start-time="2016-11-22 02:35:52Z" end-time="2016-11-22 02:35:53Z" duration="1.014391" total="2" passed="2" failed="0" inconclusive="0" skipped="0" asserts="2">
          <test-case id="6-1003" name="ReadFileDescriptor" fullname="hagen.Tests.ClipboardUrlTests.ReadFileDescriptor" methodname="ReadFileDescriptor" classname="hagen.Tests.ClipboardUrlTests" runstate="Runnable" seed="774998058" result="Passed" start-time="2016-11-22 02:35:53Z" end-time="2016-11-22 02:35:53Z" duration="0.295361" asserts="1" />
          <test-case id="6-1004" name="ReadUrl" fullname="hagen.Tests.ClipboardUrlTests.ReadUrl" methodname="ReadUrl" classname="hagen.Tests.ClipboardUrlTests" runstate="Runnable" seed="2020427800" result="Passed" start-time="2016-11-22 02:35:53Z" end-time="2016-11-22 02:35:53Z" duration="0.052728" asserts="1" />
        </test-suite>
        <test-suite type="TestFixture" id="6-1005" name="RunOnLogonTests" fullname="hagen.Tests.RunOnLogonTests" classname="hagen.Tests.RunOnLogonTests" runstate="Runnable" testcasecount="1" result="Passed" start-time="2016-11-22 02:35:53Z" end-time="2016-11-22 02:35:53Z" duration="0.042321" total="1" passed="1" failed="0" inconclusive="0" skipped="0" asserts="2">
          <test-case id="6-1006" name="SetAndGet" fullname="hagen.Tests.RunOnLogonTests.SetAndGet" methodname="SetAndGet" classname="hagen.Tests.RunOnLogonTests" runstate="Runnable" seed="1027261503" result="Passed" start-time="2016-11-22 02:35:53Z" end-time="2016-11-22 02:35:53Z" duration="0.011012" asserts="2" />
        </test-suite>
        <test-suite type="TestFixture" id="6-1007" name="TaskProgressTests" fullname="hagen.Tests.TaskProgressTests" classname="hagen.Tests.TaskProgressTests" runstate="Runnable" testcasecount="1" result="Passed" start-time="2016-11-22 02:35:53Z" end-time="2016-11-22 02:36:04Z" duration="10.418324" total="1" passed="1" failed="0" inconclusive="0" skipped="0" asserts="0">
          <test-case id="6-1008" name="Run" fullname="hagen.Tests.TaskProgressTests.Run" methodname="Run" classname="hagen.Tests.TaskProgressTests" runstate="Runnable" seed="1485069659" result="Passed" start-time="2016-11-22 02:35:53Z" end-time="2016-11-22 02:36:04Z" duration="10.340829" asserts="0">
            <properties>
              <property name="ApartmentState" value="STA" />
            </properties>
            <output><![CDATA[2016-11-22 02:35:54,026 [10] INFO hagen.Tests.TaskProgressTests (null) - 0
2016-11-22 02:35:54,217 [10] INFO hagen.Tests.TaskProgressTests (null) - 1
2016-11-22 02:35:54,320 [10] INFO hagen.Tests.TaskProgressTests (null) - 2
2016-11-22 02:35:54,430 [10] INFO hagen.Tests.TaskProgressTests (null) - 3
2016-11-22 02:35:54,531 [10] INFO hagen.Tests.TaskProgressTests (null) - 4
2016-11-22 02:35:54,632 [10] INFO hagen.Tests.TaskProgressTests (null) - 5
2016-11-22 02:35:54,733 [10] INFO hagen.Tests.TaskProgressTests (null) - 6
2016-11-22 02:35:54,834 [10] INFO hagen.Tests.TaskProgressTests (null) - 7
2016-11-22 02:35:54,934 [10] INFO hagen.Tests.TaskProgressTests (null) - 8
2016-11-22 02:35:55,034 [10] INFO hagen.Tests.TaskProgressTests (null) - 9
2016-11-22 02:35:55,135 [10] INFO hagen.Tests.TaskProgressTests (null) - 10
2016-11-22 02:35:55,236 [10] INFO hagen.Tests.TaskProgressTests (null) - 11
2016-11-22 02:35:55,337 [10] INFO hagen.Tests.TaskProgressTests (null) - 12
2016-11-22 02:35:55,437 [10] INFO hagen.Tests.TaskProgressTests (null) - 13
2016-11-22 02:35:55,538 [10] INFO hagen.Tests.TaskProgressTests (null) - 14
2016-11-22 02:35:55,639 [10] INFO hagen.Tests.TaskProgressTests (null) - 15
2016-11-22 02:35:55,739 [10] INFO hagen.Tests.TaskProgressTests (null) - 16
2016-11-22 02:35:55,840 [10] INFO hagen.Tests.TaskProgressTests (null) - 17
2016-11-22 02:35:55,941 [10] INFO hagen.Tests.TaskProgressTests (null) - 18
2016-11-22 02:35:56,041 [10] INFO hagen.Tests.TaskProgressTests (null) - 19
2016-11-22 02:35:56,142 [10] INFO hagen.Tests.TaskProgressTests (null) - 20
2016-11-22 02:35:56,243 [10] INFO hagen.Tests.TaskProgressTests (null) - 21
2016-11-22 02:35:56,343 [10] INFO hagen.Tests.TaskProgressTests (null) - 22
2016-11-22 02:35:56,444 [10] INFO hagen.Tests.TaskProgressTests (null) - 23
2016-11-22 02:35:56,545 [10] INFO hagen.Tests.TaskProgressTests (null) - 24
2016-11-22 02:35:56,645 [10] INFO hagen.Tests.TaskProgressTests (null) - 25
2016-11-22 02:35:56,746 [10] INFO hagen.Tests.TaskProgressTests (null) - 26
2016-11-22 02:35:56,846 [10] INFO hagen.Tests.TaskProgressTests (null) - 27
2016-11-22 02:35:56,947 [10] INFO hagen.Tests.TaskProgressTests (null) - 28
2016-11-22 02:35:57,048 [10] INFO hagen.Tests.TaskProgressTests (null) - 29
2016-11-22 02:35:57,149 [10] INFO hagen.Tests.TaskProgressTests (null) - 30
2016-11-22 02:35:57,250 [10] INFO hagen.Tests.TaskProgressTests (null) - 31
2016-11-22 02:35:57,352 [10] INFO hagen.Tests.TaskProgressTests (null) - 32
2016-11-22 02:35:57,453 [10] INFO hagen.Tests.TaskProgressTests (null) - 33
2016-11-22 02:35:57,554 [10] INFO hagen.Tests.TaskProgressTests (null) - 34
2016-11-22 02:35:57,656 [10] INFO hagen.Tests.TaskProgressTests (null) - 35
2016-11-22 02:35:57,757 [10] INFO hagen.Tests.TaskProgressTests (null) - 36
2016-11-22 02:35:57,858 [10] INFO hagen.Tests.TaskProgressTests (null) - 37
2016-11-22 02:35:57,960 [10] INFO hagen.Tests.TaskProgressTests (null) - 38
2016-11-22 02:35:58,061 [10] INFO hagen.Tests.TaskProgressTests (null) - 39
2016-11-22 02:35:58,162 [10] INFO hagen.Tests.TaskProgressTests (null) - 40
2016-11-22 02:35:58,263 [10] INFO hagen.Tests.TaskProgressTests (null) - 41
2016-11-22 02:35:58,363 [10] INFO hagen.Tests.TaskProgressTests (null) - 42
2016-11-22 02:35:58,464 [10] INFO hagen.Tests.TaskProgressTests (null) - 43
2016-11-22 02:35:58,566 [10] INFO hagen.Tests.TaskProgressTests (null) - 44
2016-11-22 02:35:58,668 [10] INFO hagen.Tests.TaskProgressTests (null) - 45
2016-11-22 02:35:58,769 [10] INFO hagen.Tests.TaskProgressTests (null) - 46
2016-11-22 02:35:58,871 [10] INFO hagen.Tests.TaskProgressTests (null) - 47
2016-11-22 02:35:58,972 [10] INFO hagen.Tests.TaskProgressTests (null) - 48
2016-11-22 02:35:59,073 [10] INFO hagen.Tests.TaskProgressTests (null) - 49
2016-11-22 02:35:59,174 [10] INFO hagen.Tests.TaskProgressTests (null) - 50
2016-11-22 02:35:59,276 [10] INFO hagen.Tests.TaskProgressTests (null) - 51
2016-11-22 02:35:59,377 [10] INFO hagen.Tests.TaskProgressTests (null) - 52
2016-11-22 02:35:59,478 [10] INFO hagen.Tests.TaskProgressTests (null) - 53
2016-11-22 02:35:59,579 [10] INFO hagen.Tests.TaskProgressTests (null) - 54
2016-11-22 02:35:59,681 [10] INFO hagen.Tests.TaskProgressTests (null) - 55
2016-11-22 02:35:59,782 [10] INFO hagen.Tests.TaskProgressTests (null) - 56
2016-11-22 02:35:59,883 [10] INFO hagen.Tests.TaskProgressTests (null) - 57
2016-11-22 02:35:59,985 [10] INFO hagen.Tests.TaskProgressTests (null) - 58
2016-11-22 02:36:00,086 [10] INFO hagen.Tests.TaskProgressTests (null) - 59
2016-11-22 02:36:00,187 [10] INFO hagen.Tests.TaskProgressTests (null) - 60
2016-11-22 02:36:00,289 [10] INFO hagen.Tests.TaskProgressTests (null) - 61
2016-11-22 02:36:00,389 [10] INFO hagen.Tests.TaskProgressTests (null) - 62
2016-11-22 02:36:00,491 [10] INFO hagen.Tests.TaskProgressTests (null) - 63
2016-11-22 02:36:00,592 [10] INFO hagen.Tests.TaskProgressTests (null) - 64
2016-11-22 02:36:00,694 [10] INFO hagen.Tests.TaskProgressTests (null) - 65
2016-11-22 02:36:00,795 [10] INFO hagen.Tests.TaskProgressTests (null) - 66
2016-11-22 02:36:00,897 [10] INFO hagen.Tests.TaskProgressTests (null) - 67
2016-11-22 02:36:00,998 [10] INFO hagen.Tests.TaskProgressTests (null) - 68
2016-11-22 02:36:01,100 [10] INFO hagen.Tests.TaskProgressTests (null) - 69
2016-11-22 02:36:01,201 [10] INFO hagen.Tests.TaskProgressTests (null) - 70
2016-11-22 02:36:01,302 [10] INFO hagen.Tests.TaskProgressTests (null) - 71
2016-11-22 02:36:01,404 [10] INFO hagen.Tests.TaskProgressTests (null) - 72
2016-11-22 02:36:01,505 [10] INFO hagen.Tests.TaskProgressTests (null) - 73
2016-11-22 02:36:01,606 [10] INFO hagen.Tests.TaskProgressTests (null) - 74
2016-11-22 02:36:01,707 [10] INFO hagen.Tests.TaskProgressTests (null) - 75
2016-11-22 02:36:01,808 [10] INFO hagen.Tests.TaskProgressTests (null) - 76
2016-11-22 02:36:01,909 [10] INFO hagen.Tests.TaskProgressTests (null) - 77
2016-11-22 02:36:02,011 [10] INFO hagen.Tests.TaskProgressTests (null) - 78
2016-11-22 02:36:02,113 [10] INFO hagen.Tests.TaskProgressTests (null) - 79
2016-11-22 02:36:02,214 [10] INFO hagen.Tests.TaskProgressTests (null) - 80
2016-11-22 02:36:02,316 [10] INFO hagen.Tests.TaskProgressTests (null) - 81
2016-11-22 02:36:02,416 [10] INFO hagen.Tests.TaskProgressTests (null) - 82
2016-11-22 02:36:02,517 [10] INFO hagen.Tests.TaskProgressTests (null) - 83
2016-11-22 02:36:02,619 [10] INFO hagen.Tests.TaskProgressTests (null) - 84
2016-11-22 02:36:02,721 [10] INFO hagen.Tests.TaskProgressTests (null) - 85
2016-11-22 02:36:02,822 [10] INFO hagen.Tests.TaskProgressTests (null) - 86
2016-11-22 02:36:02,922 [10] INFO hagen.Tests.TaskProgressTests (null) - 87
2016-11-22 02:36:03,024 [10] INFO hagen.Tests.TaskProgressTests (null) - 88
2016-11-22 02:36:03,125 [10] INFO hagen.Tests.TaskProgressTests (null) - 89
2016-11-22 02:36:03,226 [10] INFO hagen.Tests.TaskProgressTests (null) - 90
2016-11-22 02:36:03,328 [10] INFO hagen.Tests.TaskProgressTests (null) - 91
2016-11-22 02:36:03,430 [10] INFO hagen.Tests.TaskProgressTests (null) - 92
2016-11-22 02:36:03,531 [10] INFO hagen.Tests.TaskProgressTests (null) - 93
2016-11-22 02:36:03,632 [10] INFO hagen.Tests.TaskProgressTests (null) - 94
2016-11-22 02:36:03,733 [10] INFO hagen.Tests.TaskProgressTests (null) - 95
2016-11-22 02:36:03,834 [10] INFO hagen.Tests.TaskProgressTests (null) - 96
2016-11-22 02:36:03,935 [10] INFO hagen.Tests.TaskProgressTests (null) - 97
2016-11-22 02:36:04,036 [10] INFO hagen.Tests.TaskProgressTests (null) - 98
2016-11-22 02:36:04,138 [10] INFO hagen.Tests.TaskProgressTests (null) - 99
]]></output>
          </test-case>
        </test-suite>
      </test-suite>
    </test-suite>
    <test-suite type="TestSuite" id="6-1010" name="Sidi" fullname="Sidi" runstate="Runnable" testcasecount="1" result="Passed" start-time="2016-11-22 02:35:52Z" end-time="2016-11-22 02:36:04Z" duration="11.546824" total="1" passed="0" failed="0" inconclusive="0" skipped="1" asserts="0">
      <test-suite type="TestSuite" id="6-1011" name="Forms" fullname="Sidi.Forms" runstate="Runnable" testcasecount="1" result="Passed" start-time="2016-11-22 02:35:52Z" end-time="2016-11-22 02:36:04Z" duration="11.542945" total="1" passed="0" failed="0" inconclusive="0" skipped="1" asserts="0">
        <test-suite type="TestSuite" id="6-1012" name="Tests" fullname="Sidi.Forms.Tests" runstate="Runnable" testcasecount="1" result="Passed" start-time="2016-11-22 02:35:52Z" end-time="2016-11-22 02:36:04Z" duration="11.537069" total="1" passed="0" failed="0" inconclusive="0" skipped="1" asserts="0">
          <test-suite type="TestFixture" id="6-1000" name="LogViewer2Tests" fullname="Sidi.Forms.Tests.LogViewer2Tests" classname="Sidi.Forms.Tests.LogViewer2Tests" runstate="Runnable" testcasecount="1" result="Passed" start-time="2016-11-22 02:36:04Z" end-time="2016-11-22 02:36:04Z" duration="0.005029" total="1" passed="0" failed="0" inconclusive="0" skipped="1" asserts="0">
            <test-case id="6-1001" name="List" fullname="Sidi.Forms.Tests.LogViewer2Tests.List" methodname="List" classname="Sidi.Forms.Tests.LogViewer2Tests" runstate="Explicit" seed="1675672645" result="Skipped" label="Explicit" start-time="2016-11-22 02:36:04Z" end-time="2016-11-22 02:36:04Z" duration="0.001116" asserts="0">
              <properties>
                <property name="ApartmentState" value="STA" />
                <property name="_SKIPREASON" value="ui" />
              </properties>
              <reason>
                <message><![CDATA[ui]]></message>
              </reason>
            </test-case>
          </test-suite>
        </test-suite>
      </test-suite>
    </test-suite>
  </test-suite>
  <test-suite type="Assembly" id="7-1005" name="hagen.plugin.office.Tests.dll" fullname="C:\work\hagen.build\Release-AnyCPU\bin\hagen.plugin.office.Tests.dll" runstate="Runnable" testcasecount="4" result="Passed" start-time="2016-11-22 02:35:52Z" end-time="2016-11-22 02:35:55Z" duration="2.454637" total="4" passed="2" failed="0" inconclusive="0" skipped="2" asserts="1">
    <environment framework-version="3.5.0.0" clr-version="4.0.30319.42000" os-version="Microsoft Windows NT 10.0.14393.0" platform="Win32NT" cwd="C:\work\hagen\build" machine-name="GB" user="andreas" user-domain="GB" culture="de-DE" uiculture="en-US" os-architecture="x64" />
    <settings>
      <setting name="DisposeRunners" value="True" />
      <setting name="WorkDirectory" value="C:\work\hagen\build" />
      <setting name="ImageRuntimeVersion" value="4.0.30319" />
      <setting name="ImageTargetFrameworkName" value=".NETFramework,Version=v4.6" />
      <setting name="ImageRequiresX86" value="False" />
      <setting name="ImageRequiresDefaultAppDomainAssemblyResolver" value="False" />
      <setting name="NumberOfTestWorkers" value="4" />
    </settings>
    <properties>
      <property name="_PID" value="7076" />
      <property name="_APPDOMAIN" value="test-domain-hagen.plugin.office.Tests.dll" />
    </properties>
    <test-suite type="TestSuite" id="7-1006" name="hagen" fullname="hagen" runstate="Runnable" testcasecount="4" result="Passed" start-time="2016-11-22 02:35:52Z" end-time="2016-11-22 02:35:55Z" duration="2.401856" total="4" passed="2" failed="0" inconclusive="0" skipped="2" asserts="1">
      <test-suite type="TestSuite" id="7-1007" name="plugin" fullname="hagen.plugin" runstate="Runnable" testcasecount="4" result="Passed" start-time="2016-11-22 02:35:52Z" end-time="2016-11-22 02:35:55Z" duration="2.392568" total="4" passed="2" failed="0" inconclusive="0" skipped="2" asserts="1">
        <test-suite type="TestSuite" id="7-1008" name="office" fullname="hagen.plugin.office" runstate="Runnable" testcasecount="4" result="Passed" start-time="2016-11-22 02:35:52Z" end-time="2016-11-22 02:35:55Z" duration="2.388357" total="4" passed="2" failed="0" inconclusive="0" skipped="2" asserts="1">
          <test-suite type="TestSuite" id="7-1009" name="Tests" fullname="hagen.plugin.office.Tests" runstate="Runnable" testcasecount="4" result="Passed" start-time="2016-11-22 02:35:52Z" end-time="2016-11-22 02:35:55Z" duration="2.381392" total="4" passed="2" failed="0" inconclusive="0" skipped="2" asserts="1">
            <test-suite type="TestFixture" id="7-1000" name="OutlookExtensionsTests" fullname="hagen.plugin.office.Tests.OutlookExtensionsTests" classname="hagen.plugin.office.Tests.OutlookExtensionsTests" runstate="Runnable" testcasecount="4" result="Passed" start-time="2016-11-22 02:35:52Z" end-time="2016-11-22 02:35:55Z" duration="2.372771" total="4" passed="2" failed="0" inconclusive="0" skipped="2" asserts="1">
              <test-case id="7-1004" name="AppointmentReminder" fullname="hagen.plugin.office.Tests.OutlookExtensionsTests.AppointmentReminder" methodname="AppointmentReminder" classname="hagen.plugin.office.Tests.OutlookExtensionsTests" runstate="Runnable" seed="1394228459" result="Passed" start-time="2016-11-22 02:35:53Z" end-time="2016-11-22 02:35:55Z" duration="1.786083" asserts="0">
                <output><![CDATA[2016-11-22 02:35:55,043 [Worker#STA_NP] INFO hagen.plugin.office.Tests.OutlookExtensionsTests (null) - 
-------|--------|-----|---|
Subject|Location|Start|End|
-------|--------|-----|---|

]]></output>
              </test-case>
              <test-case id="7-1001" name="BetterDecline" fullname="hagen.plugin.office.Tests.OutlookExtensionsTests.BetterDecline" methodname="BetterDecline" classname="hagen.plugin.office.Tests.OutlookExtensionsTests" runstate="Explicit" seed="1867206484" result="Skipped" label="Explicit" start-time="2016-11-22 02:35:55Z" end-time="2016-11-22 02:35:55Z" duration="0.001132" asserts="0">
                <properties>
                  <property name="_SKIPREASON" value="requires Outlook" />
                </properties>
                <reason>
                  <message><![CDATA[requires Outlook]]></message>
                </reason>
              </test-case>
              <test-case id="7-1003" name="OutlookQueryFormat_formats_date_correctly" fullname="hagen.plugin.office.Tests.OutlookExtensionsTests.OutlookQueryFormat_formats_date_correctly" methodname="OutlookQueryFormat_formats_date_correctly" classname="hagen.plugin.office.Tests.OutlookExtensionsTests" runstate="Runnable" seed="1609036293" result="Passed" start-time="2016-11-22 02:35:55Z" end-time="2016-11-22 02:35:55Z" duration="0.014422" asserts="1" />
              <test-case id="7-1002" name="ProvideFolderTest" fullname="hagen.plugin.office.Tests.OutlookExtensionsTests.ProvideFolderTest" methodname="ProvideFolderTest" classname="hagen.plugin.office.Tests.OutlookExtensionsTests" runstate="Explicit" seed="677048589" result="Skipped" label="Explicit" start-time="2016-11-22 02:35:55Z" end-time="2016-11-22 02:35:55Z" duration="0.000065" asserts="0">
                <properties>
                  <property name="_SKIPREASON" value="requires outlook" />
                </properties>
                <reason>
                  <message><![CDATA[requires outlook]]></message>
                </reason>
              </test-case>
            </test-suite>
          </test-suite>
        </test-suite>
      </test-suite>
    </test-suite>
  </test-suite>
</test-run>